<?xml version="1.0" encoding="UTF-8"?>
<!-- Generated by org.testng.reporters.JUnitReportReporter -->
<testsuite hostname="GABRIEL" failures="0" tests="1" name="forjob.Navukari" time="10.837" errors="0" timestamp="2023-11-29T11:12:50 IST" skipped="0">
  <testcase classname="forjob.Navukari" name="job" time="10.837"/>
</testsuite> <!-- forjob.Navukari -->
